<?xml version="1.0" encoding="UTF-8"?>
<testng-results ignored="0" total="1" passed="1" failed="0" skipped="0">
  <reporter-output>
  </reporter-output>
  <suite started-at="2024-01-10T13:27:49Z" name="Suite" finished-at="2024-01-10T13:28:08Z" duration-ms="18490">
    <groups>
      <group name="regression">
        <method signature="TNG_002.amazon()[pri:0, instance:testng.TNG_002@696da30b]" name="amazon" class="testng.TNG_002"/>
      </group> <!-- regression -->
      <group name="sanity">
        <method signature="TNG_002.amazon()[pri:0, instance:testng.TNG_002@696da30b]" name="amazon" class="testng.TNG_002"/>
      </group> <!-- sanity -->
    </groups>
    <test started-at="2024-01-10T13:27:49Z" name="Test" finished-at="2024-01-10T13:28:08Z" duration-ms="18490">
      <class name="testng.TNG_002">
        <test-method is-config="true" signature="start(java.lang.String)[pri:0, instance:testng.TNG_002@696da30b]" started-at="2024-01-10T13:27:49Z" name="start" finished-at="2024-01-10T13:27:59Z" duration-ms="9248" status="PASS">
          <params>
            <param index="0">
              <value>
                <![CDATA[chrome]]>
              </value>
            </param>
          </params>
          <reporter-output>
          </reporter-output>
        </test-method> <!-- start -->
        <test-method signature="amazon()[pri:0, instance:testng.TNG_002@696da30b]" started-at="2024-01-10T13:27:59Z" name="amazon" finished-at="2024-01-10T13:28:05Z" duration-ms="6682" status="PASS">
          <reporter-output>
          </reporter-output>
        </test-method> <!-- amazon -->
        <test-method is-config="true" signature="end()[pri:0, instance:testng.TNG_002@696da30b]" started-at="2024-01-10T13:28:05Z" name="end" finished-at="2024-01-10T13:28:08Z" duration-ms="2490" status="PASS">
          <reporter-output>
          </reporter-output>
        </test-method> <!-- end -->
      </class> <!-- testng.TNG_002 -->
    </test> <!-- Test -->
  </suite> <!-- Suite -->
</testng-results>
